\BOOKMARK [1][]{section*.1}{\376\377\000E\000d\000u\000c\000a\000t\000i\000o\000n}{}% 1
\BOOKMARK [1][]{section*.2}{\376\377\000A\000c\000a\000d\000e\000m\000i\000c\000\040\000E\000x\000p\000e\000r\000i\000e\000n\000c\000e}{}% 2
\BOOKMARK [2][]{section*.3}{\376\377\000C\000u\000r\000r\000e\000n\000t\000\040\000P\000o\000s\000i\000t\000i\000o\000n\000s}{section*.2}% 3
\BOOKMARK [2][]{section*.4}{\376\377\000C\000u\000r\000r\000e\000n\000t\000\040\000A\000c\000t\000i\000v\000i\000t\000i\000e\000s}{section*.2}% 4
\BOOKMARK [2][]{section*.5}{\376\377\000P\000r\000e\000v\000i\000o\000u\000s\000\040\000P\000o\000s\000i\000t\000i\000o\000n\000s}{section*.2}% 5
\BOOKMARK [1][]{section*.6}{\376\377\000W\000o\000r\000k\000\040\000E\000x\000p\000e\000r\000i\000e\000n\000c\000e}{}% 6
\BOOKMARK [1][]{section*.7}{\376\377\000V\000o\000l\000u\000n\000t\000e\000e\000r\000\040\000E\000x\000p\000e\000r\000i\000e\000n\000c\000e}{}% 7
\BOOKMARK [1][]{section*.8}{\376\377\000S\000k\000i\000l\000l\000s}{}% 8
\BOOKMARK [1][]{section*.9}{\376\377\000A\000w\000a\000r\000d\000s\000\040\000\046\000\040\000H\000o\000n\000o\000r\000s}{}% 9
\BOOKMARK [1][]{section*.10}{\376\377\000U\000n\000d\000e\000r\000\040\000R\000e\000v\000i\000e\000w\000\040\000P\000r\000e\000-\000P\000r\000i\000n\000t\000s}{}% 10
\BOOKMARK [2][]{section*.11}{}{section*.10}% 11
\BOOKMARK [1][]{section*.12}{\376\377\000P\000e\000e\000r\000-\000R\000e\000v\000i\000e\000w\000e\000d\000\040\000J\000o\000u\000r\000n\000a\000l\000\040\000P\000u\000b\000l\000i\000c\000a\000t\000i\000o\000n\000s}{}% 12
\BOOKMARK [2][]{section*.13}{\376\377\000\040}{section*.12}% 13
\BOOKMARK [1][]{section*.14}{\376\377\000P\000e\000e\000r\000-\000R\000e\000v\000i\000e\000w\000e\000d\000\040\000C\000o\000n\000f\000e\000r\000e\000n\000c\000e\000\040\000P\000r\000o\000c\000e\000e\000d\000i\000n\000g\000s}{}% 14
\BOOKMARK [2][]{section*.15}{\376\377\000\040}{section*.14}% 15
\BOOKMARK [1][]{section*.16}{\376\377\000W\000o\000r\000k\000\040\000i\000n\000\040\000P\000r\000o\000g\000r\000e\000s\000s\000\040\040\023\000\040\000P\000r\000e\000-\000p\000r\000i\000n\000t\000s\000\040\000A\000v\000a\000i\000l\000a\000b\000l\000e\000\040\000u\000p\000o\000n\000\040\000R\000e\000q\000u\000e\000s\000t}{}% 16
\BOOKMARK [2][]{section*.17}{\376\377\000\040}{section*.16}% 17
\BOOKMARK [1][]{section*.18}{\376\377\000O\000t\000h\000e\000r\000\040\000P\000u\000b\000l\000i\000c\000a\000t\000i\000o\000n\000s}{}% 18
\BOOKMARK [2][]{section*.19}{\376\377\000\040}{section*.18}% 19
\BOOKMARK [1][]{section*.20}{\376\377\000P\000o\000s\000t\000e\000r\000\040\000P\000r\000e\000s\000e\000n\000t\000a\000t\000i\000o\000n\000s}{}% 20
\BOOKMARK [2][]{section*.21}{\376\377\000\040}{section*.20}% 21
